23:37:40 **** Incremental Build of configuration Nios II for project nios2_usb ****
make all 
Info: Building ../nios2_usb_bsp/
C:/intelFPGA_lite/18.1/nios2eds/bin/gnu/H-x86_64-mingw32/bin/make --no-print-directory -C ../nios2_usb_bsp/
[BSP build complete]
Info: Compiling hello_world_small.c to obj/default/hello_world_small.o
nios2-elf-gcc -xc -MP -MMD -c -I../nios2_usb_bsp//HAL/inc -I../nios2_usb_bsp/ -I../nios2_usb_bsp//drivers/inc  -pipe -D__hal__ -DALT_NO_C_PLUS_PLUS -DALT_NO_CLEAN_EXIT -D'exit(a)=_exit(a)' -DALT_NO_EXIT -DALT_USE_DIRECT_DRIVERS -DALT_NO_INSTRUCTION_EMULATION -DALT_USE_SMALL_DRIVERS -DSMALL_C_LIB -DALT_SINGLE_THREADED    -Os -g -Wall   -mno-hw-div -mno-hw-mul -mno-hw-mulx -mgpopt=global  -o obj/default/hello_world_small.o hello_world_small.c
In file included from ../nios2_usb_bsp//drivers/inc/altera_avalon_uart_regs.h:34:0,
                 from hello_world_small.c:84:
hello_world_small.c: In function 'main':
hello_world_small.c:100:27: warning: array subscript has type 'char' [-Wchar-subscripts]
    IOWR(UART_0_BASE,1,word[i]);
                           ^
../nios2_usb_bsp//HAL/inc/io.h:75:66: note: in definition of macro 'IOWR'
   __builtin_stwio (__IO_CALC_ADDRESS_NATIVE ((BASE), (REGNUM)), (DATA))
                                                                  ^
hello_world_small.c:112:20: warning: zero-length gnu_printf format string [-Wformat-zero-length]
     sprintf(INPUT, "");
                    ^
hello_world_small.c:112:20: warning: zero-length gnu_printf format string [-Wformat-zero-length]
Info: Linking nios2_usb.elf
nios2-elf-g++  -T'../nios2_usb_bsp//linker.x' -msys-crt0='../nios2_usb_bsp//obj/HAL/src/crt0.o' -msys-lib=hal_bsp -L../nios2_usb_bsp/  -msmallc  -Wl,-Map=nios2_usb.map   -Os -g -Wall   -mno-hw-div -mno-hw-mul -mno-hw-mulx -mgpopt=global  -o nios2_usb.elf obj/default/hello_world_small.o -lm -msys-lib=m
nios2-elf-insert nios2_usb.elf --thread_model hal --cpu_name nios2_gen2_0 --qsys true --simulation_enabled false --stderr_dev jtag_uart_0 --stdin_dev jtag_uart_0 --stdout_dev jtag_uart_0 --sopc_system_name processor --quartus_project_dir "D:/Lab-Instrumentation/QMTECH_CYCLONE_10_STARTER_KIT_V01_20190717/Software/cyclone10-nios-01" --jdi ../..//output_files/nios_top.jdi --sopcinfo D:/Lab-Instrumentation/QMTECH_CYCLONE_10_STARTER_KIT_V01_20190717/Software/cyclone10-nios-01/software/nios2_usb_bsp/../../processor.sopcinfo
Info: (nios2_usb.elf) 3800 Bytes program size (code + initialized data).
Info:                 28 KBytes free for stack + heap.
Info: Creating nios2_usb.objdump
nios2-elf-objdump --disassemble --syms --all-header --source nios2_usb.elf >nios2_usb.objdump
[nios2_usb build complete]

23:37:42 Build Finished (took 2s.302ms)

