20:00:32 **** Incremental Build of configuration Nios II for project seg-led-sw ****
make all 
Info: Building ../seg-led-sw_bsp/
C:/intelFPGA_lite/18.1/nios2eds/bin/gnu/H-x86_64-mingw32/bin/make --no-print-directory -C ../seg-led-sw_bsp/
[BSP build complete]
Info: Compiling seg_led_sw.c to obj/default/seg_led_sw.o
nios2-elf-gcc -xc -MP -MMD -c -I../seg-led-sw_bsp//HAL/inc -I../seg-led-sw_bsp/ -I../seg-led-sw_bsp//drivers/inc  -pipe -D__hal__ -DALT_NO_C_PLUS_PLUS -DALT_NO_CLEAN_EXIT -D'exit(a)=_exit(a)' -DALT_NO_EXIT -DALT_USE_DIRECT_DRIVERS -DALT_NO_INSTRUCTION_EMULATION -DALT_USE_SMALL_DRIVERS -DSMALL_C_LIB -DALT_SINGLE_THREADED    -Os -g -Wall   -mno-hw-div -mno-hw-mul -mno-hw-mulx -mgpopt=global  -o obj/default/seg_led_sw.o seg_led_sw.c
seg_led_sw.c: In function 'main':
seg_led_sw.c:142:5: warning: implicit declaration of function 'printf' [-Wimplicit-function-declaration]
     printf ( "Digit 1: %c\n", dig_1 );
     ^
seg_led_sw.c:142:5: warning: incompatible implicit declaration of built-in function 'printf'
seg_led_sw.c:142:5: note: include '<stdio.h>' or provide a declaration of 'printf'
In file included from ../seg-led-sw_bsp//drivers/inc/altera_avalon_pio_regs.h:34:0,
                 from seg_led_sw.c:83:
seg_led_sw.c:148:34: warning: array subscript has type 'char' [-Wchar-subscripts]
    write( SEG_BASE, ( ~seg_decode[ dig_0 ] & 0x7F ) | ( ( ~dp & 0x1 )  << 7 ) );
                                  ^
../seg-led-sw_bsp//HAL/inc/io.h:75:66: note: in definition of macro 'IOWR'
   __builtin_stwio (__IO_CALC_ADDRESS_NATIVE ((BASE), (REGNUM)), (DATA))
                                                                  ^
seg_led_sw.c:88:27: note: in expansion of macro 'IOWR_ALTERA_AVALON_PIO_DATA'
 #define write(base, data) IOWR_ALTERA_AVALON_PIO_DATA(base, data)
                           ^
seg_led_sw.c:148:4: note: in expansion of macro 'write'
    write( SEG_BASE, ( ~seg_decode[ dig_0 ] & 0x7F ) | ( ( ~dp & 0x1 )  << 7 ) );
    ^
seg_led_sw.c:152:34: warning: array subscript has type 'char' [-Wchar-subscripts]
    write( SEG_BASE, ( ~seg_decode[ dig_1 ] & 0x7F ) | ( ( ~dp & 0x1 )  << 7 ) );
                                  ^
../seg-led-sw_bsp//HAL/inc/io.h:75:66: note: in definition of macro 'IOWR'
   __builtin_stwio (__IO_CALC_ADDRESS_NATIVE ((BASE), (REGNUM)), (DATA))
                                                                  ^
seg_led_sw.c:88:27: note: in expansion of macro 'IOWR_ALTERA_AVALON_PIO_DATA'
 #define write(base, data) IOWR_ALTERA_AVALON_PIO_DATA(base, data)
                           ^
seg_led_sw.c:152:4: note: in expansion of macro 'write'
    write( SEG_BASE, ( ~seg_decode[ dig_1 ] & 0x7F ) | ( ( ~dp & 0x1 )  << 7 ) );
    ^
seg_led_sw.c:156:34: warning: array subscript has type 'char' [-Wchar-subscripts]
    write( SEG_BASE, ( ~seg_decode[ dig_2 ] & 0x7F ) | ( ( ~dp & 0x1 )  << 7 ) );
                                  ^
../seg-led-sw_bsp//HAL/inc/io.h:75:66: note: in definition of macro 'IOWR'
   __builtin_stwio (__IO_CALC_ADDRESS_NATIVE ((BASE), (REGNUM)), (DATA))
                                                                  ^
seg_led_sw.c:88:27: note: in expansion of macro 'IOWR_ALTERA_AVALON_PIO_DATA'
 #define write(base, data) IOWR_ALTERA_AVALON_PIO_DATA(base, data)
                           ^
seg_led_sw.c:156:4: note: in expansion of macro 'write'
    write( SEG_BASE, ( ~seg_decode[ dig_2 ] & 0x7F ) | ( ( ~dp & 0x1 )  << 7 ) );
    ^
Info: Linking seg-led-sw.elf
nios2-elf-g++  -T'../seg-led-sw_bsp//linker.x' -msys-crt0='../seg-led-sw_bsp//obj/HAL/src/crt0.o' -msys-lib=hal_bsp -L../seg-led-sw_bsp/  -msmallc  -Wl,-Map=seg-led-sw.map   -Os -g -Wall   -mno-hw-div -mno-hw-mul -mno-hw-mulx -mgpopt=global  -o seg-led-sw.elf obj/default/seg_led_sw.o -lm -msys-lib=m
c:/intelfpga_lite/18.1/nios2eds/bin/gnu/h-x86_64-mingw32/bin/../lib/gcc/nios2-elf/5.3.0/../../../../../H-x86_64-mingw32/nios2-elf/bin/ld.exe: address 0x20bc of seg-led-sw.elf section `.bss' is not within region `onchip_memory2_0'
c:/intelfpga_lite/18.1/nios2eds/bin/gnu/h-x86_64-mingw32/bin/../lib/gcc/nios2-elf/5.3.0/../../../../../H-x86_64-mingw32/nios2-elf/bin/ld.exe: address 0x20bc of seg-led-sw.elf section `.bss' is not within region `onchip_memory2_0'
collect2.exe: error: ld returned 1 exit status
make: *** [seg-led-sw.elf] Error 1

20:00:33 Build Finished (took 1s.126ms)

