Info: Starting: Create block symbol file (.bsf)
Info: qsys-generate D:\Lab-Instrumentation\QMTECH_CYCLONE_10_STARTER_KIT_V01_20190717\Software\cyclone10-nios-01\processor.qsys --block-symbol-file --output-directory=D:\Lab-Instrumentation\QMTECH_CYCLONE_10_STARTER_KIT_V01_20190717\Software\cyclone10-nios-01\processor --family="Cyclone 10 LP" --part=10CL016YU484C8G
Progress: Loading cyclone10-nios-01/processor.qsys
Progress: Reading input file
Progress: Adding LED [altera_avalon_pio 18.1]
Progress: Parameterizing module LED
Progress: Adding SEG [altera_avalon_pio 18.1]
Progress: Parameterizing module SEG
Progress: Adding SEG_EN [altera_avalon_pio 18.1]
Progress: Parameterizing module SEG_EN
Progress: Adding SW [altera_avalon_pio 18.1]
Progress: Parameterizing module SW
Progress: Adding clk_0 [clock_source 18.1]
Progress: Parameterizing module clk_0
Progress: Adding jtag_uart_0 [altera_avalon_jtag_uart 18.1]
Progress: Parameterizing module jtag_uart_0
Progress: Adding nios2_gen2_0 [altera_nios2_gen2 18.1]
Progress: Parameterizing module nios2_gen2_0
Progress: Adding onchip_memory2_0 [altera_avalon_onchip_memory2 18.1]
Progress: Parameterizing module onchip_memory2_0
Progress: Adding uart_0 [altera_avalon_uart 18.1]
Progress: Parameterizing module uart_0
Progress: Building connections
Progress: Parameterizing connections
Progress: Validating
Progress: Done reading input file
Info: processor.SW: PIO inputs are not hardwired in test bench. Undefined values will be read from PIO inputs during simulation.
Info: processor.jtag_uart_0: JTAG UART IP input clock need to be at least double (2x) the operating frequency of JTAG TCK on board
Info: qsys-generate succeeded.
Info: Finished: Create block symbol file (.bsf)
Info: 
Info: Starting: Create HDL design files for synthesis
Info: qsys-generate D:\Lab-Instrumentation\QMTECH_CYCLONE_10_STARTER_KIT_V01_20190717\Software\cyclone10-nios-01\processor.qsys --synthesis=VERILOG --greybox --output-directory=D:\Lab-Instrumentation\QMTECH_CYCLONE_10_STARTER_KIT_V01_20190717\Software\cyclone10-nios-01\processor\synthesis --family="Cyclone 10 LP" --part=10CL016YU484C8G
Progress: Loading cyclone10-nios-01/processor.qsys
Progress: Reading input file
Progress: Adding LED [altera_avalon_pio 18.1]
Progress: Parameterizing module LED
Progress: Adding SEG [altera_avalon_pio 18.1]
Progress: Parameterizing module SEG
Progress: Adding SEG_EN [altera_avalon_pio 18.1]
Progress: Parameterizing module SEG_EN
Progress: Adding SW [altera_avalon_pio 18.1]
Progress: Parameterizing module SW
Progress: Adding clk_0 [clock_source 18.1]
Progress: Parameterizing module clk_0
Progress: Adding jtag_uart_0 [altera_avalon_jtag_uart 18.1]
Progress: Parameterizing module jtag_uart_0
Progress: Adding nios2_gen2_0 [altera_nios2_gen2 18.1]
Progress: Parameterizing module nios2_gen2_0
Progress: Adding onchip_memory2_0 [altera_avalon_onchip_memory2 18.1]
Progress: Parameterizing module onchip_memory2_0
Progress: Adding uart_0 [altera_avalon_uart 18.1]
Progress: Parameterizing module uart_0
Progress: Building connections
Progress: Parameterizing connections
Progress: Validating
Progress: Done reading input file
Info: processor.SW: PIO inputs are not hardwired in test bench. Undefined values will be read from PIO inputs during simulation.
Info: processor.jtag_uart_0: JTAG UART IP input clock need to be at least double (2x) the operating frequency of JTAG TCK on board
Info: processor: Generating processor "processor" for QUARTUS_SYNTH
Info: LED: Starting RTL generation for module 'processor_LED'
Info: LED:   Generation command is [exec C:/intelfpga_lite/18.1/quartus/bin64/perl/bin/perl.exe -I C:/intelfpga_lite/18.1/quartus/bin64/perl/lib -I C:/intelfpga_lite/18.1/quartus/sopc_builder/bin/europa -I C:/intelfpga_lite/18.1/quartus/sopc_builder/bin/perl_lib -I C:/intelfpga_lite/18.1/quartus/sopc_builder/bin -I C:/intelfpga_lite/18.1/quartus/../ip/altera/sopc_builder_ip/common -I C:/intelfpga_lite/18.1/quartus/../ip/altera/sopc_builder_ip/altera_avalon_pio -- C:/intelfpga_lite/18.1/quartus/../ip/altera/sopc_builder_ip/altera_avalon_pio/generate_rtl.pl --name=processor_LED --dir=C:/Users/anton/AppData/Local/Temp/alt8522_530711989093185667.dir/0002_LED_gen/ --quartus_dir=C:/intelfpga_lite/18.1/quartus --verilog --config=C:/Users/anton/AppData/Local/Temp/alt8522_530711989093185667.dir/0002_LED_gen//processor_LED_component_configuration.pl  --do_build_sim=0  ]
Info: LED: Done RTL generation for module 'processor_LED'
Info: LED: "processor" instantiated altera_avalon_pio "LED"
Info: SEG: Starting RTL generation for module 'processor_SEG'
Info: SEG:   Generation command is [exec C:/intelfpga_lite/18.1/quartus/bin64/perl/bin/perl.exe -I C:/intelfpga_lite/18.1/quartus/bin64/perl/lib -I C:/intelfpga_lite/18.1/quartus/sopc_builder/bin/europa -I C:/intelfpga_lite/18.1/quartus/sopc_builder/bin/perl_lib -I C:/intelfpga_lite/18.1/quartus/sopc_builder/bin -I C:/intelfpga_lite/18.1/quartus/../ip/altera/sopc_builder_ip/common -I C:/intelfpga_lite/18.1/quartus/../ip/altera/sopc_builder_ip/altera_avalon_pio -- C:/intelfpga_lite/18.1/quartus/../ip/altera/sopc_builder_ip/altera_avalon_pio/generate_rtl.pl --name=processor_SEG --dir=C:/Users/anton/AppData/Local/Temp/alt8522_530711989093185667.dir/0003_SEG_gen/ --quartus_dir=C:/intelfpga_lite/18.1/quartus --verilog --config=C:/Users/anton/AppData/Local/Temp/alt8522_530711989093185667.dir/0003_SEG_gen//processor_SEG_component_configuration.pl  --do_build_sim=0  ]
Info: SEG: Done RTL generation for module 'processor_SEG'
Info: SEG: "processor" instantiated altera_avalon_pio "SEG"
Info: SEG_EN: Starting RTL generation for module 'processor_SEG_EN'
Info: SEG_EN:   Generation command is [exec C:/intelfpga_lite/18.1/quartus/bin64/perl/bin/perl.exe -I C:/intelfpga_lite/18.1/quartus/bin64/perl/lib -I C:/intelfpga_lite/18.1/quartus/sopc_builder/bin/europa -I C:/intelfpga_lite/18.1/quartus/sopc_builder/bin/perl_lib -I C:/intelfpga_lite/18.1/quartus/sopc_builder/bin -I C:/intelfpga_lite/18.1/quartus/../ip/altera/sopc_builder_ip/common -I C:/intelfpga_lite/18.1/quartus/../ip/altera/sopc_builder_ip/altera_avalon_pio -- C:/intelfpga_lite/18.1/quartus/../ip/altera/sopc_builder_ip/altera_avalon_pio/generate_rtl.pl --name=processor_SEG_EN --dir=C:/Users/anton/AppData/Local/Temp/alt8522_530711989093185667.dir/0004_SEG_EN_gen/ --quartus_dir=C:/intelfpga_lite/18.1/quartus --verilog --config=C:/Users/anton/AppData/Local/Temp/alt8522_530711989093185667.dir/0004_SEG_EN_gen//processor_SEG_EN_component_configuration.pl  --do_build_sim=0  ]
Info: SEG_EN: Done RTL generation for module 'processor_SEG_EN'
Info: SEG_EN: "processor" instantiated altera_avalon_pio "SEG_EN"
Info: SW: Starting RTL generation for module 'processor_SW'
Info: SW:   Generation command is [exec C:/intelfpga_lite/18.1/quartus/bin64/perl/bin/perl.exe -I C:/intelfpga_lite/18.1/quartus/bin64/perl/lib -I C:/intelfpga_lite/18.1/quartus/sopc_builder/bin/europa -I C:/intelfpga_lite/18.1/quartus/sopc_builder/bin/perl_lib -I C:/intelfpga_lite/18.1/quartus/sopc_builder/bin -I C:/intelfpga_lite/18.1/quartus/../ip/altera/sopc_builder_ip/common -I C:/intelfpga_lite/18.1/quartus/../ip/altera/sopc_builder_ip/altera_avalon_pio -- C:/intelfpga_lite/18.1/quartus/../ip/altera/sopc_builder_ip/altera_avalon_pio/generate_rtl.pl --name=processor_SW --dir=C:/Users/anton/AppData/Local/Temp/alt8522_530711989093185667.dir/0005_SW_gen/ --quartus_dir=C:/intelfpga_lite/18.1/quartus --verilog --config=C:/Users/anton/AppData/Local/Temp/alt8522_530711989093185667.dir/0005_SW_gen//processor_SW_component_configuration.pl  --do_build_sim=0  ]
Info: SW: Done RTL generation for module 'processor_SW'
Info: SW: "processor" instantiated altera_avalon_pio "SW"
Info: jtag_uart_0: Starting RTL generation for module 'processor_jtag_uart_0'
Info: jtag_uart_0:   Generation command is [exec C:/intelfpga_lite/18.1/quartus/bin64/perl/bin/perl.exe -I C:/intelfpga_lite/18.1/quartus/bin64/perl/lib -I C:/intelfpga_lite/18.1/quartus/sopc_builder/bin/europa -I C:/intelfpga_lite/18.1/quartus/sopc_builder/bin/perl_lib -I C:/intelfpga_lite/18.1/quartus/sopc_builder/bin -I C:/intelfpga_lite/18.1/quartus/../ip/altera/sopc_builder_ip/common -I C:/intelfpga_lite/18.1/quartus/../ip/altera/sopc_builder_ip/altera_avalon_jtag_uart -- C:/intelfpga_lite/18.1/quartus/../ip/altera/sopc_builder_ip/altera_avalon_jtag_uart/generate_rtl.pl --name=processor_jtag_uart_0 --dir=C:/Users/anton/AppData/Local/Temp/alt8522_530711989093185667.dir/0006_jtag_uart_0_gen/ --quartus_dir=C:/intelfpga_lite/18.1/quartus --verilog --config=C:/Users/anton/AppData/Local/Temp/alt8522_530711989093185667.dir/0006_jtag_uart_0_gen//processor_jtag_uart_0_component_configuration.pl  --do_build_sim=0  ]
Info: jtag_uart_0: Done RTL generation for module 'processor_jtag_uart_0'
Info: jtag_uart_0: "processor" instantiated altera_avalon_jtag_uart "jtag_uart_0"
Info: nios2_gen2_0: "processor" instantiated altera_nios2_gen2 "nios2_gen2_0"
Info: onchip_memory2_0: Starting RTL generation for module 'processor_onchip_memory2_0'
Info: onchip_memory2_0:   Generation command is [exec C:/intelfpga_lite/18.1/quartus/bin64/perl/bin/perl.exe -I C:/intelfpga_lite/18.1/quartus/bin64/perl/lib -I C:/intelfpga_lite/18.1/quartus/sopc_builder/bin/europa -I C:/intelfpga_lite/18.1/quartus/sopc_builder/bin/perl_lib -I C:/intelfpga_lite/18.1/quartus/sopc_builder/bin -I C:/intelfpga_lite/18.1/quartus/../ip/altera/sopc_builder_ip/common -I C:/intelfpga_lite/18.1/quartus/../ip/altera/sopc_builder_ip/altera_avalon_onchip_memory2 -- C:/intelfpga_lite/18.1/quartus/../ip/altera/sopc_builder_ip/altera_avalon_onchip_memory2/generate_rtl.pl --name=processor_onchip_memory2_0 --dir=C:/Users/anton/AppData/Local/Temp/alt8522_530711989093185667.dir/0007_onchip_memory2_0_gen/ --quartus_dir=C:/intelfpga_lite/18.1/quartus --verilog --config=C:/Users/anton/AppData/Local/Temp/alt8522_530711989093185667.dir/0007_onchip_memory2_0_gen//processor_onchip_memory2_0_component_configuration.pl  --do_build_sim=0  ]
Info: onchip_memory2_0: Done RTL generation for module 'processor_onchip_memory2_0'
Info: onchip_memory2_0: "processor" instantiated altera_avalon_onchip_memory2 "onchip_memory2_0"
Info: uart_0: Starting RTL generation for module 'processor_uart_0'
Info: uart_0:   Generation command is [exec C:/intelfpga_lite/18.1/quartus/bin64/perl/bin/perl.exe -I C:/intelfpga_lite/18.1/quartus/bin64/perl/lib -I C:/intelfpga_lite/18.1/quartus/sopc_builder/bin/europa -I C:/intelfpga_lite/18.1/quartus/sopc_builder/bin/perl_lib -I C:/intelfpga_lite/18.1/quartus/sopc_builder/bin -I C:/intelfpga_lite/18.1/quartus/../ip/altera/sopc_builder_ip/common -I C:/intelfpga_lite/18.1/quartus/../ip/altera/sopc_builder_ip/altera_avalon_uart -- C:/intelfpga_lite/18.1/quartus/../ip/altera/sopc_builder_ip/altera_avalon_uart/generate_rtl.pl --name=processor_uart_0 --dir=C:/Users/anton/AppData/Local/Temp/alt8522_530711989093185667.dir/0008_uart_0_gen/ --quartus_dir=C:/intelfpga_lite/18.1/quartus --verilog --config=C:/Users/anton/AppData/Local/Temp/alt8522_530711989093185667.dir/0008_uart_0_gen//processor_uart_0_component_configuration.pl  --do_build_sim=0  ]
Info: uart_0: Done RTL generation for module 'processor_uart_0'
Info: uart_0: "processor" instantiated altera_avalon_uart "uart_0"
Info: avalon_st_adapter: Inserting error_adapter: error_adapter_0
Info: avalon_st_adapter_001: Inserting error_adapter: error_adapter_0
Info: avalon_st_adapter_002: Inserting error_adapter: error_adapter_0
Info: avalon_st_adapter_003: Inserting error_adapter: error_adapter_0
Info: avalon_st_adapter_004: Inserting error_adapter: error_adapter_0
Info: avalon_st_adapter_005: Inserting error_adapter: error_adapter_0
Info: avalon_st_adapter_006: Inserting error_adapter: error_adapter_0
Info: avalon_st_adapter_007: Inserting error_adapter: error_adapter_0
Info: mm_interconnect_0: "processor" instantiated altera_mm_interconnect "mm_interconnect_0"
Info: irq_mapper: "processor" instantiated altera_irq_mapper "irq_mapper"
Info: rst_controller: "processor" instantiated altera_reset_controller "rst_controller"
Info: cpu: Starting RTL generation for module 'processor_nios2_gen2_0_cpu'
Info: cpu:   Generation command is [exec C:/intelFPGA_lite/18.1/quartus/bin64//eperlcmd.exe -I C:/intelFPGA_lite/18.1/quartus/bin64//perl/lib -I C:/intelfpga_lite/18.1/quartus/sopc_builder/bin/europa -I C:/intelfpga_lite/18.1/quartus/sopc_builder/bin/perl_lib -I C:/intelfpga_lite/18.1/quartus/sopc_builder/bin -I C:/intelfpga_lite/18.1/quartus/../ip/altera/nios2_ip/altera_nios2_gen2/cpu_lib -I C:/intelfpga_lite/18.1/quartus/../ip/altera/nios2_ip/altera_nios2_gen2/nios_lib -I C:/intelfpga_lite/18.1/quartus/../ip/altera/nios2_ip/altera_nios2_gen2 -I C:/intelfpga_lite/18.1/quartus/../ip/altera/nios2_ip/altera_nios2_gen2 -- C:/intelfpga_lite/18.1/quartus/../ip/altera/nios2_ip/altera_nios2_gen2/generate_rtl.epl --name=processor_nios2_gen2_0_cpu --dir=C:/Users/anton/AppData/Local/Temp/alt8522_530711989093185667.dir/0011_cpu_gen/ --quartus_bindir=C:/intelFPGA_lite/18.1/quartus/bin64/ --verilog --config=C:/Users/anton/AppData/Local/Temp/alt8522_530711989093185667.dir/0011_cpu_gen//processor_nios2_gen2_0_cpu_processor_configuration.pl  --do_build_sim=0  ]
Info: cpu: # 2020.09.17 20:12:36 (*) Starting Nios II generation
Info: cpu: # 2020.09.17 20:12:36 (*)   Checking for plaintext license.
Info: cpu: # 2020.09.17 20:12:37 (*)   Couldn't query license setup in Quartus directory C:/intelFPGA_lite/18.1/quartus/bin64/
Info: cpu: # 2020.09.17 20:12:37 (*)   Defaulting to contents of LM_LICENSE_FILE environment variable
Info: cpu: # 2020.09.17 20:12:37 (*)   LM_LICENSE_FILE environment variable is empty
Info: cpu: # 2020.09.17 20:12:37 (*)   Plaintext license not found.
Info: cpu: # 2020.09.17 20:12:37 (*)   No license required to generate encrypted Nios II/e.
Info: cpu: # 2020.09.17 20:12:37 (*)   Elaborating CPU configuration settings
Info: cpu: # 2020.09.17 20:12:37 (*)   Creating all objects for CPU
Info: cpu: # 2020.09.17 20:12:38 (*)   Generating RTL from CPU objects
Info: cpu: # 2020.09.17 20:12:38 (*)   Creating plain-text RTL
Info: cpu: # 2020.09.17 20:12:39 (*) Done Nios II generation
Info: cpu: Done RTL generation for module 'processor_nios2_gen2_0_cpu'
Info: cpu: "nios2_gen2_0" instantiated altera_nios2_gen2_unit "cpu"
Info: nios2_gen2_0_data_master_translator: "mm_interconnect_0" instantiated altera_merlin_master_translator "nios2_gen2_0_data_master_translator"
Info: jtag_uart_0_avalon_jtag_slave_translator: "mm_interconnect_0" instantiated altera_merlin_slave_translator "jtag_uart_0_avalon_jtag_slave_translator"
Info: nios2_gen2_0_data_master_agent: "mm_interconnect_0" instantiated altera_merlin_master_agent "nios2_gen2_0_data_master_agent"
Info: jtag_uart_0_avalon_jtag_slave_agent: "mm_interconnect_0" instantiated altera_merlin_slave_agent "jtag_uart_0_avalon_jtag_slave_agent"
Info: jtag_uart_0_avalon_jtag_slave_agent_rsp_fifo: "mm_interconnect_0" instantiated altera_avalon_sc_fifo "jtag_uart_0_avalon_jtag_slave_agent_rsp_fifo"
Info: router: "mm_interconnect_0" instantiated altera_merlin_router "router"
Info: router_002: "mm_interconnect_0" instantiated altera_merlin_router "router_002"
Info: cmd_demux: "mm_interconnect_0" instantiated altera_merlin_demultiplexer "cmd_demux"
Info: cmd_mux: "mm_interconnect_0" instantiated altera_merlin_multiplexer "cmd_mux"
Info: rsp_demux: "mm_interconnect_0" instantiated altera_merlin_demultiplexer "rsp_demux"
Info: rsp_mux: "mm_interconnect_0" instantiated altera_merlin_multiplexer "rsp_mux"
Info: Reusing file D:/Lab-Instrumentation/QMTECH_CYCLONE_10_STARTER_KIT_V01_20190717/Software/cyclone10-nios-01/processor/synthesis/submodules/altera_merlin_arbitrator.sv
Info: avalon_st_adapter: "mm_interconnect_0" instantiated altera_avalon_st_adapter "avalon_st_adapter"
Info: error_adapter_0: "avalon_st_adapter" instantiated error_adapter "error_adapter_0"
Info: processor: Done "processor" with 26 modules, 39 files
Info: Generating third-party timing and resource estimation model ...
Info: Done generating third-party timing and resource estimation model.
Info: qsys-generate succeeded.
Info: Finished: Create HDL design files for synthesis
