20:55:03 **** Incremental Build of configuration Nios II for project seg_led_sw ****
make all 
Info: Building ../seg_led_sw_bsp/
C:/intelFPGA_lite/18.1/nios2eds/bin/gnu/H-x86_64-mingw32/bin/make --no-print-directory -C ../seg_led_sw_bsp/
[BSP build complete]
Info: Compiling seg_led_sw.c to obj/default/seg_led_sw.o
nios2-elf-gcc -xc -MP -MMD -c -I../seg_led_sw_bsp//HAL/inc -I../seg_led_sw_bsp/ -I../seg_led_sw_bsp//drivers/inc  -pipe -D__hal__ -DALT_NO_C_PLUS_PLUS -DALT_NO_CLEAN_EXIT -D'exit(a)=_exit(a)' -DALT_NO_EXIT -DALT_USE_DIRECT_DRIVERS -DALT_NO_INSTRUCTION_EMULATION -DALT_USE_SMALL_DRIVERS -DSMALL_C_LIB -DALT_SINGLE_THREADED    -Os -g -Wall   -mno-hw-div -mno-hw-mul -mno-hw-mulx -mgpopt=global  -o obj/default/seg_led_sw.o seg_led_sw.c
In file included from ../seg_led_sw_bsp//drivers/inc/altera_avalon_pio_regs.h:34:0,
                 from seg_led_sw.c:83:
seg_led_sw.c: In function 'main':
seg_led_sw.c:152:34: warning: array subscript has type 'char' [-Wchar-subscripts]
    write( SEG_BASE, ( ~seg_decode[ dig_0 ] & 0x7F ) | ( ( ~dp & 0x1 )  << 7 ) );
                                  ^
../seg_led_sw_bsp//HAL/inc/io.h:75:66: note: in definition of macro 'IOWR'
   __builtin_stwio (__IO_CALC_ADDRESS_NATIVE ((BASE), (REGNUM)), (DATA))
                                                                  ^
seg_led_sw.c:88:27: note: in expansion of macro 'IOWR_ALTERA_AVALON_PIO_DATA'
 #define write(base, data) IOWR_ALTERA_AVALON_PIO_DATA(base, data)
                           ^
seg_led_sw.c:152:4: note: in expansion of macro 'write'
    write( SEG_BASE, ( ~seg_decode[ dig_0 ] & 0x7F ) | ( ( ~dp & 0x1 )  << 7 ) );
    ^
seg_led_sw.c:156:34: warning: array subscript has type 'char' [-Wchar-subscripts]
    write( SEG_BASE, ( ~seg_decode[ dig_1 ] & 0x7F ) | ( ( ~dp & 0x1 )  << 7 ) );
                                  ^
../seg_led_sw_bsp//HAL/inc/io.h:75:66: note: in definition of macro 'IOWR'
   __builtin_stwio (__IO_CALC_ADDRESS_NATIVE ((BASE), (REGNUM)), (DATA))
                                                                  ^
seg_led_sw.c:88:27: note: in expansion of macro 'IOWR_ALTERA_AVALON_PIO_DATA'
 #define write(base, data) IOWR_ALTERA_AVALON_PIO_DATA(base, data)
                           ^
seg_led_sw.c:156:4: note: in expansion of macro 'write'
    write( SEG_BASE, ( ~seg_decode[ dig_1 ] & 0x7F ) | ( ( ~dp & 0x1 )  << 7 ) );
    ^
seg_led_sw.c:160:34: warning: array subscript has type 'char' [-Wchar-subscripts]
    write( SEG_BASE, ( ~seg_decode[ dig_2 ] & 0x7F ) | ( ( ~dp & 0x1 )  << 7 ) );
                                  ^
../seg_led_sw_bsp//HAL/inc/io.h:75:66: note: in definition of macro 'IOWR'
   __builtin_stwio (__IO_CALC_ADDRESS_NATIVE ((BASE), (REGNUM)), (DATA))
                                                                  ^
seg_led_sw.c:88:27: note: in expansion of macro 'IOWR_ALTERA_AVALON_PIO_DATA'
 #define write(base, data) IOWR_ALTERA_AVALON_PIO_DATA(base, data)
                           ^
seg_led_sw.c:160:4: note: in expansion of macro 'write'
    write( SEG_BASE, ( ~seg_decode[ dig_2 ] & 0x7F ) | ( ( ~dp & 0x1 )  << 7 ) );
    ^
Info: Linking seg_led_sw.elf
nios2-elf-g++  -T'../seg_led_sw_bsp//linker.x' -msys-crt0='../seg_led_sw_bsp//obj/HAL/src/crt0.o' -msys-lib=hal_bsp -L../seg_led_sw_bsp/  -msmallc  -Wl,-Map=seg_led_sw.map   -Os -g -Wall   -mno-hw-div -mno-hw-mul -mno-hw-mulx -mgpopt=global  -o seg_led_sw.elf obj/default/seg_led_sw.o -lm -msys-lib=m
nios2-elf-insert seg_led_sw.elf --thread_model hal --cpu_name nios2_gen2_0 --qsys true --simulation_enabled false --stderr_dev jtag_uart_0 --stdin_dev jtag_uart_0 --stdout_dev jtag_uart_0 --sopc_system_name processor --quartus_project_dir "D:/Lab-Instrumentation/QMTECH_CYCLONE_10_STARTER_KIT_V01_20190717/Software/cyclone10-nios-01" --jdi ../..//output_files/nios_top.jdi --sopcinfo D:/Lab-Instrumentation/QMTECH_CYCLONE_10_STARTER_KIT_V01_20190717/Software/cyclone10-nios-01/software/seg_led_sw_bsp/../../processor.sopcinfo
Info: (seg_led_sw.elf) 4136 Bytes program size (code + initialized data).
Info:                  27 KBytes free for stack + heap.
Info: Creating seg_led_sw.objdump
nios2-elf-objdump --disassemble --syms --all-header --source seg_led_sw.elf >seg_led_sw.objdump
[seg_led_sw build complete]
20:55:18 **** Incremental Build of configuration Nios II for project seg_led_sw ****
make all 
Info: Building ../seg_led_sw_bsp/
C:/intelFPGA_lite/18.1/nios2eds/bin/gnu/H-x86_64-mingw32/bin/make --no-print-directory -C ../seg_led_sw_bsp/
[BSP build complete]
[seg_led_sw build complete]
19:44:37 **** Incremental Build of configuration Nios II for project seg_led_sw ****
make all 
Info: Building ../seg_led_sw_bsp/
C:/intelFPGA_lite/18.1/nios2eds/bin/gnu/H-x86_64-mingw32/bin/make --no-print-directory -C ../seg_led_sw_bsp/
[BSP build complete]
[seg_led_sw build complete]
19:45:41 **** Incremental Build of configuration Nios II for project seg_led_sw ****
make all 
Info: Building ../seg_led_sw_bsp/
C:/intelFPGA_lite/18.1/nios2eds/bin/gnu/H-x86_64-mingw32/bin/make --no-print-directory -C ../seg_led_sw_bsp/
[BSP build complete]
[seg_led_sw build complete]
19:48:03 **** Incremental Build of configuration Nios II for project seg_led_sw ****
make all 
Info: Building ../seg_led_sw_bsp/
C:/intelFPGA_lite/18.1/nios2eds/bin/gnu/H-x86_64-mingw32/bin/make --no-print-directory -C ../seg_led_sw_bsp/
[BSP build complete]
Info: Compiling seg_led_sw.c to obj/default/seg_led_sw.o
nios2-elf-gcc -xc -MP -MMD -c -I../seg_led_sw_bsp//HAL/inc -I../seg_led_sw_bsp/ -I../seg_led_sw_bsp//drivers/inc  -pipe -D__hal__ -DALT_NO_C_PLUS_PLUS -DALT_NO_CLEAN_EXIT -D'exit(a)=_exit(a)' -DALT_NO_EXIT -DALT_USE_DIRECT_DRIVERS -DALT_NO_INSTRUCTION_EMULATION -DALT_USE_SMALL_DRIVERS -DSMALL_C_LIB -DALT_SINGLE_THREADED    -Os -g -Wall   -mno-hw-div -mno-hw-mul -mno-hw-mulx -mgpopt=global  -o obj/default/seg_led_sw.o seg_led_sw.c
In file included from ../seg_led_sw_bsp//drivers/inc/altera_avalon_pio_regs.h:34:0,
                 from seg_led_sw.c:83:
seg_led_sw.c: In function 'main':
seg_led_sw.c:152:34: warning: array subscript has type 'char' [-Wchar-subscripts]
    write( SEG_BASE, ( ~seg_decode[ dig_0 ] & 0x7F ) | ( ( ~dp & 0x1 )  << 7 ) );
                                  ^
../seg_led_sw_bsp//HAL/inc/io.h:75:66: note: in definition of macro 'IOWR'
   __builtin_stwio (__IO_CALC_ADDRESS_NATIVE ((BASE), (REGNUM)), (DATA))
                                                                  ^
seg_led_sw.c:88:27: note: in expansion of macro 'IOWR_ALTERA_AVALON_PIO_DATA'
 #define write(base, data) IOWR_ALTERA_AVALON_PIO_DATA(base, data)
                           ^
seg_led_sw.c:152:4: note: in expansion of macro 'write'
    write( SEG_BASE, ( ~seg_decode[ dig_0 ] & 0x7F ) | ( ( ~dp & 0x1 )  << 7 ) );
    ^
seg_led_sw.c:157:34: warning: array subscript has type 'char' [-Wchar-subscripts]
    write( SEG_BASE, ( ~seg_decode[ dig_1 ] & 0x7F ) | ( ( ~dp & 0x1 )  << 7 ) );
                                  ^
../seg_led_sw_bsp//HAL/inc/io.h:75:66: note: in definition of macro 'IOWR'
   __builtin_stwio (__IO_CALC_ADDRESS_NATIVE ((BASE), (REGNUM)), (DATA))
                                                                  ^
seg_led_sw.c:88:27: note: in expansion of macro 'IOWR_ALTERA_AVALON_PIO_DATA'
 #define write(base, data) IOWR_ALTERA_AVALON_PIO_DATA(base, data)
                           ^
seg_led_sw.c:157:4: note: in expansion of macro 'write'
    write( SEG_BASE, ( ~seg_decode[ dig_1 ] & 0x7F ) | ( ( ~dp & 0x1 )  << 7 ) );
    ^
seg_led_sw.c:162:34: warning: array subscript has type 'char' [-Wchar-subscripts]
    write( SEG_BASE, ( ~seg_decode[ dig_2 ] & 0x7F ) | ( ( ~dp & 0x1 )  << 7 ) );
                                  ^
../seg_led_sw_bsp//HAL/inc/io.h:75:66: note: in definition of macro 'IOWR'
   __builtin_stwio (__IO_CALC_ADDRESS_NATIVE ((BASE), (REGNUM)), (DATA))
                                                                  ^
seg_led_sw.c:88:27: note: in expansion of macro 'IOWR_ALTERA_AVALON_PIO_DATA'
 #define write(base, data) IOWR_ALTERA_AVALON_PIO_DATA(base, data)
                           ^
seg_led_sw.c:162:4: note: in expansion of macro 'write'
    write( SEG_BASE, ( ~seg_decode[ dig_2 ] & 0x7F ) | ( ( ~dp & 0x1 )  << 7 ) );
    ^
Info: Linking seg_led_sw.elf
nios2-elf-g++  -T'../seg_led_sw_bsp//linker.x' -msys-crt0='../seg_led_sw_bsp//obj/HAL/src/crt0.o' -msys-lib=hal_bsp -L../seg_led_sw_bsp/  -msmallc  -Wl,-Map=seg_led_sw.map   -Os -g -Wall   -mno-hw-div -mno-hw-mul -mno-hw-mulx -mgpopt=global  -o seg_led_sw.elf obj/default/seg_led_sw.o -lm -msys-lib=m
nios2-elf-insert seg_led_sw.elf --thread_model hal --cpu_name nios2_gen2_0 --qsys true --simulation_enabled false --stderr_dev jtag_uart_0 --stdin_dev jtag_uart_0 --stdout_dev jtag_uart_0 --sopc_system_name processor --quartus_project_dir "D:/Lab-Instrumentation/QMTECH_CYCLONE_10_STARTER_KIT_V01_20190717/Software/cyclone10-nios-01" --jdi ../..//output_files/nios_top.jdi --sopcinfo D:/Lab-Instrumentation/QMTECH_CYCLONE_10_STARTER_KIT_V01_20190717/Software/cyclone10-nios-01/software/seg_led_sw_bsp/../../processor.sopcinfo
Info: (seg_led_sw.elf) 3984 Bytes program size (code + initialized data).
Info:                  27 KBytes free for stack + heap.
Info: Creating seg_led_sw.objdump
nios2-elf-objdump --disassemble --syms --all-header --source seg_led_sw.elf >seg_led_sw.objdump
[seg_led_sw build complete]
19:50:33 **** Incremental Build of configuration Nios II for project seg_led_sw ****
make all 
Info: Building ../seg_led_sw_bsp/
C:/intelFPGA_lite/18.1/nios2eds/bin/gnu/H-x86_64-mingw32/bin/make --no-print-directory -C ../seg_led_sw_bsp/
[BSP build complete]
Info: Compiling seg_led_sw.c to obj/default/seg_led_sw.o
nios2-elf-gcc -xc -MP -MMD -c -I../seg_led_sw_bsp//HAL/inc -I../seg_led_sw_bsp/ -I../seg_led_sw_bsp//drivers/inc  -pipe -D__hal__ -DALT_NO_C_PLUS_PLUS -DALT_NO_CLEAN_EXIT -D'exit(a)=_exit(a)' -DALT_NO_EXIT -DALT_USE_DIRECT_DRIVERS -DALT_NO_INSTRUCTION_EMULATION -DALT_USE_SMALL_DRIVERS -DSMALL_C_LIB -DALT_SINGLE_THREADED    -Os -g -Wall   -mno-hw-div -mno-hw-mul -mno-hw-mulx -mgpopt=global  -o obj/default/seg_led_sw.o seg_led_sw.c
In file included from ../seg_led_sw_bsp//drivers/inc/altera_avalon_pio_regs.h:34:0,
                 from seg_led_sw.c:83:
seg_led_sw.c: In function 'main':
seg_led_sw.c:152:34: warning: array subscript has type 'char' [-Wchar-subscripts]
    write( SEG_BASE, ( ~seg_decode[ dig_0 ] & 0x7F ) | ( ( ~dp & 0x1 )  << 7 ) );
                                  ^
../seg_led_sw_bsp//HAL/inc/io.h:75:66: note: in definition of macro 'IOWR'
   __builtin_stwio (__IO_CALC_ADDRESS_NATIVE ((BASE), (REGNUM)), (DATA))
                                                                  ^
seg_led_sw.c:88:27: note: in expansion of macro 'IOWR_ALTERA_AVALON_PIO_DATA'
 #define write(base, data) IOWR_ALTERA_AVALON_PIO_DATA(base, data)
                           ^
seg_led_sw.c:152:4: note: in expansion of macro 'write'
    write( SEG_BASE, ( ~seg_decode[ dig_0 ] & 0x7F ) | ( ( ~dp & 0x1 )  << 7 ) );
    ^
seg_led_sw.c:157:34: warning: array subscript has type 'char' [-Wchar-subscripts]
    write( SEG_BASE, ( ~seg_decode[ dig_1 ] & 0x7F ) | ( ( ~dp & 0x1 )  << 7 ) );
                                  ^
../seg_led_sw_bsp//HAL/inc/io.h:75:66: note: in definition of macro 'IOWR'
   __builtin_stwio (__IO_CALC_ADDRESS_NATIVE ((BASE), (REGNUM)), (DATA))
                                                                  ^
seg_led_sw.c:88:27: note: in expansion of macro 'IOWR_ALTERA_AVALON_PIO_DATA'
 #define write(base, data) IOWR_ALTERA_AVALON_PIO_DATA(base, data)
                           ^
seg_led_sw.c:157:4: note: in expansion of macro 'write'
    write( SEG_BASE, ( ~seg_decode[ dig_1 ] & 0x7F ) | ( ( ~dp & 0x1 )  << 7 ) );
    ^
seg_led_sw.c:162:34: warning: array subscript has type 'char' [-Wchar-subscripts]
    write( SEG_BASE, ( ~seg_decode[ dig_2 ] & 0x7F ) | ( ( ~dp & 0x1 )  << 7 ) );
                                  ^
../seg_led_sw_bsp//HAL/inc/io.h:75:66: note: in definition of macro 'IOWR'
   __builtin_stwio (__IO_CALC_ADDRESS_NATIVE ((BASE), (REGNUM)), (DATA))
                                                                  ^
seg_led_sw.c:88:27: note: in expansion of macro 'IOWR_ALTERA_AVALON_PIO_DATA'
 #define write(base, data) IOWR_ALTERA_AVALON_PIO_DATA(base, data)
                           ^
seg_led_sw.c:162:4: note: in expansion of macro 'write'
    write( SEG_BASE, ( ~seg_decode[ dig_2 ] & 0x7F ) | ( ( ~dp & 0x1 )  << 7 ) );
    ^
Info: Linking seg_led_sw.elf
nios2-elf-g++  -T'../seg_led_sw_bsp//linker.x' -msys-crt0='../seg_led_sw_bsp//obj/HAL/src/crt0.o' -msys-lib=hal_bsp -L../seg_led_sw_bsp/  -msmallc  -Wl,-Map=seg_led_sw.map   -Os -g -Wall   -mno-hw-div -mno-hw-mul -mno-hw-mulx -mgpopt=global  -o seg_led_sw.elf obj/default/seg_led_sw.o -lm -msys-lib=m
nios2-elf-insert seg_led_sw.elf --thread_model hal --cpu_name nios2_gen2_0 --qsys true --simulation_enabled false --stderr_dev jtag_uart_0 --stdin_dev jtag_uart_0 --stdout_dev jtag_uart_0 --sopc_system_name processor --quartus_project_dir "D:/Lab-Instrumentation/QMTECH_CYCLONE_10_STARTER_KIT_V01_20190717/Software/cyclone10-nios-01" --jdi ../..//output_files/nios_top.jdi --sopcinfo D:/Lab-Instrumentation/QMTECH_CYCLONE_10_STARTER_KIT_V01_20190717/Software/cyclone10-nios-01/software/seg_led_sw_bsp/../../processor.sopcinfo
Info: (seg_led_sw.elf) 4140 Bytes program size (code + initialized data).
Info:                  27 KBytes free for stack + heap.
Info: Creating seg_led_sw.objdump
nios2-elf-objdump --disassemble --syms --all-header --source seg_led_sw.elf >seg_led_sw.objdump
[seg_led_sw build complete]
19:50:35 **** Incremental Build of configuration Nios II for project seg_led_sw_bsp ****
make all 
[BSP build complete]
19:50:41 **** Incremental Build of configuration Nios II for project seg_led_sw ****
make all 
Info: Building ../seg_led_sw_bsp/
C:/intelFPGA_lite/18.1/nios2eds/bin/gnu/H-x86_64-mingw32/bin/make --no-print-directory -C ../seg_led_sw_bsp/
[BSP build complete]
[seg_led_sw build complete]
19:51:08 **** Incremental Build of configuration Nios II for project seg_led_sw ****
make all 
Info: Building ../seg_led_sw_bsp/
C:/intelFPGA_lite/18.1/nios2eds/bin/gnu/H-x86_64-mingw32/bin/make --no-print-directory -C ../seg_led_sw_bsp/
[BSP build complete]
Info: Compiling seg_led_sw.c to obj/default/seg_led_sw.o
nios2-elf-gcc -xc -MP -MMD -c -I../seg_led_sw_bsp//HAL/inc -I../seg_led_sw_bsp/ -I../seg_led_sw_bsp//drivers/inc  -pipe -D__hal__ -DALT_NO_C_PLUS_PLUS -DALT_NO_CLEAN_EXIT -D'exit(a)=_exit(a)' -DALT_NO_EXIT -DALT_USE_DIRECT_DRIVERS -DALT_NO_INSTRUCTION_EMULATION -DALT_USE_SMALL_DRIVERS -DSMALL_C_LIB -DALT_SINGLE_THREADED    -Os -g -Wall   -mno-hw-div -mno-hw-mul -mno-hw-mulx -mgpopt=global  -o obj/default/seg_led_sw.o seg_led_sw.c
In file included from ../seg_led_sw_bsp//drivers/inc/altera_avalon_pio_regs.h:34:0,
                 from seg_led_sw.c:83:
seg_led_sw.c: In function 'main':
seg_led_sw.c:152:34: warning: array subscript has type 'char' [-Wchar-subscripts]
    write( SEG_BASE, ( ~seg_decode[ dig_0 ] & 0x7F ) | ( ( ~dp & 0x1 )  << 7 ) );
                                  ^
../seg_led_sw_bsp//HAL/inc/io.h:75:66: note: in definition of macro 'IOWR'
   __builtin_stwio (__IO_CALC_ADDRESS_NATIVE ((BASE), (REGNUM)), (DATA))
                                                                  ^
seg_led_sw.c:88:27: note: in expansion of macro 'IOWR_ALTERA_AVALON_PIO_DATA'
 #define write(base, data) IOWR_ALTERA_AVALON_PIO_DATA(base, data)
                           ^
seg_led_sw.c:152:4: note: in expansion of macro 'write'
    write( SEG_BASE, ( ~seg_decode[ dig_0 ] & 0x7F ) | ( ( ~dp & 0x1 )  << 7 ) );
    ^
seg_led_sw.c:157:34: warning: array subscript has type 'char' [-Wchar-subscripts]
    write( SEG_BASE, ( ~seg_decode[ dig_1 ] & 0x7F ) | ( ( ~dp & 0x1 )  << 7 ) );
                                  ^
../seg_led_sw_bsp//HAL/inc/io.h:75:66: note: in definition of macro 'IOWR'
   __builtin_stwio (__IO_CALC_ADDRESS_NATIVE ((BASE), (REGNUM)), (DATA))
                                                                  ^
seg_led_sw.c:88:27: note: in expansion of macro 'IOWR_ALTERA_AVALON_PIO_DATA'
 #define write(base, data) IOWR_ALTERA_AVALON_PIO_DATA(base, data)
                           ^
seg_led_sw.c:157:4: note: in expansion of macro 'write'
    write( SEG_BASE, ( ~seg_decode[ dig_1 ] & 0x7F ) | ( ( ~dp & 0x1 )  << 7 ) );
    ^
seg_led_sw.c:162:34: warning: array subscript has type 'char' [-Wchar-subscripts]
    write( SEG_BASE, ( ~seg_decode[ dig_2 ] & 0x7F ) | ( ( ~dp & 0x1 )  << 7 ) );
                                  ^
../seg_led_sw_bsp//HAL/inc/io.h:75:66: note: in definition of macro 'IOWR'
   __builtin_stwio (__IO_CALC_ADDRESS_NATIVE ((BASE), (REGNUM)), (DATA))
                                                                  ^
seg_led_sw.c:88:27: note: in expansion of macro 'IOWR_ALTERA_AVALON_PIO_DATA'
 #define write(base, data) IOWR_ALTERA_AVALON_PIO_DATA(base, data)
                           ^
seg_led_sw.c:162:4: note: in expansion of macro 'write'
    write( SEG_BASE, ( ~seg_decode[ dig_2 ] & 0x7F ) | ( ( ~dp & 0x1 )  << 7 ) );
    ^
Info: Linking seg_led_sw.elf
nios2-elf-g++  -T'../seg_led_sw_bsp//linker.x' -msys-crt0='../seg_led_sw_bsp//obj/HAL/src/crt0.o' -msys-lib=hal_bsp -L../seg_led_sw_bsp/  -msmallc  -Wl,-Map=seg_led_sw.map   -Os -g -Wall   -mno-hw-div -mno-hw-mul -mno-hw-mulx -mgpopt=global  -o seg_led_sw.elf obj/default/seg_led_sw.o -lm -msys-lib=m
nios2-elf-insert seg_led_sw.elf --thread_model hal --cpu_name nios2_gen2_0 --qsys true --simulation_enabled false --stderr_dev jtag_uart_0 --stdin_dev jtag_uart_0 --stdout_dev jtag_uart_0 --sopc_system_name processor --quartus_project_dir "D:/Lab-Instrumentation/QMTECH_CYCLONE_10_STARTER_KIT_V01_20190717/Software/cyclone10-nios-01" --jdi ../..//output_files/nios_top.jdi --sopcinfo D:/Lab-Instrumentation/QMTECH_CYCLONE_10_STARTER_KIT_V01_20190717/Software/cyclone10-nios-01/software/seg_led_sw_bsp/../../processor.sopcinfo
Info: (seg_led_sw.elf) 4148 Bytes program size (code + initialized data).
Info:                  27 KBytes free for stack + heap.
Info: Creating seg_led_sw.objdump
nios2-elf-objdump --disassemble --syms --all-header --source seg_led_sw.elf >seg_led_sw.objdump
[seg_led_sw build complete]
19:51:10 **** Incremental Build of configuration Nios II for project seg_led_sw_bsp ****
make all 
[BSP build complete]
19:51:15 **** Incremental Build of configuration Nios II for project seg_led_sw ****
make all 
Info: Building ../seg_led_sw_bsp/
C:/intelFPGA_lite/18.1/nios2eds/bin/gnu/H-x86_64-mingw32/bin/make --no-print-directory -C ../seg_led_sw_bsp/
[BSP build complete]
[seg_led_sw build complete]
